<?xml version="1.0" encoding="UTF-8"?>
<!-- Generated by org.testng.reporters.JUnitXMLReporter -->
<testsuite hostname="Gena-PC" name="Default test" tests="4" failures="0" timestamp="21 Jun 2015 09:23:18 GMT" time="14.637" errors="0">
  <testcase name="testEmptyGroupCreation" time="1.777" classname="com.example.tests.GroupCreationTests"/>
  <testcase name="testNonEmptyGroupCreation" time="2.309" classname="com.example.tests.GroupCreationTests"/>
  <testcase name="testEmptyGroupCreation" time="1.783" classname="com.example.tests.AlsoGroupCreationTests"/>
  <testcase name="testNonEmptyGroupCreation" time="1.785" classname="com.example.tests.AlsoGroupCreationTests"/>
</testsuite> <!-- Default test -->
