<?xml version="1.0" encoding="UTF-8"?>
<!-- Generated by org.testng.reporters.JUnitXMLReporter -->
<testsuite hostname="Gena-PC" name="Default test" tests="4" failures="0" timestamp="21 Jun 2015 15:35:20 GMT" time="27.13" errors="0">
  <testcase name="testEmptyGroupCreation" time="2.137" classname="com.example.tests.GroupCreationTests"/>
  <testcase name="testNonEmptyGroupCreation" time="2.432" classname="com.example.tests.GroupCreationTests"/>
  <testcase name="testEmptyContactCreated" time="4.778" classname="com.example.tests.ContactCreationTests"/>
  <testcase name="testNonEmptyContactCreated" time="3.64" classname="com.example.tests.ContactCreationTests"/>
</testsuite> <!-- Default test -->
